<?xml version="1.0" encoding="UTF-8"?>
<!-- Generated by org.testng.reporters.JUnitXMLReporter -->
<testsuite ignored="0" hostname="NT453S" failures="0" tests="6" name="Casos de prueba" time="63.152" errors="0" timestamp="2022-07-28T15:30:28 CLT">
  <testcase classname="Tests.Tests" name="CP001_Login_Fallido" time="5.627"/>
  <testcase classname="Tests.Tests" name="CP002_Contrasenia_Incorrecta" time="5.261"/>
  <testcase classname="Tests.Tests" name="CP003_Login_Exitoso" time="5.284"/>
  <testcase classname="Tests.Tests" name="CP004_Obten_Tu_Tarjeta" time="2.136"/>
  <testcase classname="Tests.Tests" name="CP007_Outlet_Online" time="3.508"/>
  <testcase classname="Tests.Tests" name="CP008_Seguimiento_Despacho" time="3.008"/>
</testsuite> <!-- Casos de prueba -->
